<?xml version="1.0" encoding="UTF-8"?>
<testsuite name="DataAccess.Connection.ConnectionPoolTest" tests="1" skipped="0" failures="0" errors="0" timestamp="2021-02-23T17:27:53" hostname="ChaystonSurfacePro" time="3.81">
  <properties/>
  <testcase name="openAndCloseConnection_Success()" classname="DataAccess.Connection.ConnectionPoolTest" time="3.81"/>
  <system-out><![CDATA[]]></system-out>
  <system-err><![CDATA[Feb 23, 2021 10:27:53 AM com.mchange.v2.log.MLog 
INFO: MLog clients using java 1.4+ standard logging.
Feb 23, 2021 10:27:53 AM com.mchange.v2.c3p0.C3P0Registry 
INFO: Initializing c3p0-0.9.5.5 [built 11-December-2019 22:18:33 -0800; debug? true; trace: 10]
Feb 23, 2021 10:27:54 AM com.mchange.v2.c3p0.impl.AbstractPoolBackedDataSource 
INFO: Initializing c3p0 pool... com.mchange.v2.c3p0.ComboPooledDataSource [ acquireIncrement -> 3, acquireRetryAttempts -> 30, acquireRetryDelay -> 1000, autoCommitOnClose -> false, automaticTestTable -> null, breakAfterAcquireFailure -> false, checkoutTimeout -> 0, connectionCustomizerClassName -> null, connectionTesterClassName -> com.mchange.v2.c3p0.impl.DefaultConnectionTester, contextClassLoaderSource -> caller, dataSourceName -> 1hgehyaaf1lozh1p1xq15k0|35ece52c, debugUnreturnedConnectionStackTraces -> false, description -> null, driverClass -> com.mysql.cj.jdbc.Driver, extensions -> {}, factoryClassLocation -> null, forceIgnoreUnresolvedTransactions -> false, forceSynchronousCheckins -> false, forceUseNamedDriverClass -> false, identityToken -> 1hgehyaaf1lozh1p1xq15k0|35ece52c, idleConnectionTestPeriod -> 0, initialPoolSize -> 3, jdbcUrl -> jdbc:mysql://159.203.100.250:3306/tadhgcra_lopdev, maxAdministrativeTaskTime -> 0, maxConnectionAge -> 0, maxIdleTime -> 0, maxIdleTimeExcessConnections -> 0, maxPoolSize -> 15, maxStatements -> 0, maxStatementsPerConnection -> 0, minPoolSize -> 3, numHelperThreads -> 3, preferredTestQuery -> null, privilegeSpawnedThreads -> false, properties -> {password=******, user=******}, propertyCycle -> 0, statementCacheNumDeferredCloseThreads -> 0, testConnectionOnCheckin -> false, testConnectionOnCheckout -> false, unreturnedConnectionTimeout -> 0, userOverrides -> {}, usesTraditionalReflectiveProxies -> false ]
]]></system-err>
</testsuite>
